<?xml version="1.0" encoding="UTF-8"?>
<testsuite xmlns:xsi="http://www.w3.org/2001/XMLSchema-instance" xsi:noNamespaceSchemaLocation="https://maven.apache.org/surefire/maven-surefire-plugin/xsd/surefire-test-report.xsd" name="TestSuite" time="6.847" tests="4" errors="0" skipped="0" failures="0">
  <properties>
[...]
</properties>
  <testcase name="loginAPI" classname="tugas4.coba.APITest" time="3.052"/>
  <testcase name="dashboardAPI" classname="tugas4.coba.APITest" time="1.328"/>
  <testcase name="userAPI" classname="tugas4.coba.APITest" time="1.15"/>
  <testcase name="shouldAnswerWithTrue on shouldAnswerWithTrue(tugas4.coba.AppTest)" classname="tugas4.coba.AppTest" time="1.238"/>
</testsuite>