<?xml version="1.0" encoding="UTF-8"?>
<testng-results ignored="0" total="3" passed="3" failed="0" skipped="0">
  <reporter-output>
  </reporter-output>
  <suite started-at="2023-03-25T06:30:59Z" name="Surefire suite" finished-at="2023-03-25T06:31:05Z" duration-ms="5603">
    <groups>
    </groups>
    <test started-at="2023-03-25T06:30:59Z" name="Surefire test" finished-at="2023-03-25T06:31:05Z" duration-ms="5603">
      <class name="tugas4.coba.APITest">
        <test-method signature="loginAPI()[pri:1, instance:tugas4.coba.APITest@107e5441]" started-at="2023-03-25T06:30:59Z" name="loginAPI" finished-at="2023-03-25T06:31:02Z" duration-ms="3034" status="PASS">
          <reporter-output>
          </reporter-output>
        </test-method> <!-- loginAPI -->
        <test-method signature="dashboardAPI()[pri:2, instance:tugas4.coba.APITest@107e5441]" started-at="2023-03-25T06:31:02Z" name="dashboardAPI" finished-at="2023-03-25T06:31:03Z" duration-ms="1328" status="PASS">
          <reporter-output>
          </reporter-output>
        </test-method> <!-- dashboardAPI -->
        <test-method signature="userAPI()[pri:2, instance:tugas4.coba.APITest@107e5441]" started-at="2023-03-25T06:31:03Z" name="userAPI" finished-at="2023-03-25T06:31:05Z" duration-ms="1150" status="PASS">
          <reporter-output>
          </reporter-output>
        </test-method> <!-- userAPI -->
      </class> <!-- tugas4.coba.APITest -->
    </test> <!-- Surefire test -->
  </suite> <!-- Surefire suite -->
</testng-results>
