<?xml version="1.0" encoding="UTF-8"?>
<testng-results ignored="0" total="1" passed="1" failed="0" skipped="0">
  <reporter-output>
  </reporter-output>
  <suite started-at="2023-03-25T06:31:05Z" name="Surefire suite" finished-at="2023-03-25T06:31:05Z" duration-ms="23">
    <groups>
    </groups>
    <test started-at="2023-03-25T06:31:05Z" name="Surefire test" finished-at="2023-03-25T06:31:05Z" duration-ms="23">
      <class name="tugas4.coba.AppTest">
        <test-method signature="shouldAnswerWithTrue()" started-at="2023-03-25T06:31:05Z" name="shouldAnswerWithTrue" finished-at="2023-03-25T06:31:05Z" duration-ms="5" status="PASS">
          <reporter-output>
          </reporter-output>
        </test-method> <!-- shouldAnswerWithTrue -->
      </class> <!-- tugas4.coba.AppTest -->
    </test> <!-- Surefire test -->
  </suite> <!-- Surefire suite -->
</testng-results>
