<?xml version="1.0" encoding="UTF-8"?>
<!-- Generated by org.testng.reporters.JUnitXMLReporter -->
<testsuite ignored="0" hostname="Ruhendi" failures="0" tests="3" name="Surefire test" time="5.603" errors="0" timestamp="25 Mar 2023 06:31:05 GMT">
  <testcase classname="tugas4.coba.APITest" name="loginAPI" time="3.034"/>
  <testcase classname="tugas4.coba.APITest" name="dashboardAPI" time="1.328"/>
  <testcase classname="tugas4.coba.APITest" name="userAPI" time="1.15"/>
</testsuite> <!-- Surefire test -->
